<?xml version="1.0" encoding="UTF-8"?>
<testng-results ignored="0" total="1" passed="1" failed="0" skipped="0">
  <reporter-output>
  </reporter-output>
  <suite started-at="2025-11-25T14:06:58 GMT+03:00" name="Default suite" finished-at="2025-11-25T14:07:17 GMT+03:00" duration-ms="19604">
    <groups>
    </groups>
    <test started-at="2025-11-25T14:06:58 GMT+03:00" name="Default test" finished-at="2025-11-25T14:07:17 GMT+03:00" duration-ms="19604">
      <class name="com.ehab.automationexercise.base.HomePage">
        <test-method signature="testHomePage()[pri:0, instance:com.ehab.automationexercise.base.HomePage@7a69b07]" started-at="2025-11-25T14:06:58 GMT+03:00" name="testHomePage" finished-at="2025-11-25T14:07:17 GMT+03:00" duration-ms="19513" status="PASS">
          <reporter-output>
          </reporter-output>
        </test-method> <!-- testHomePage -->
      </class> <!-- com.ehab.automationexercise.base.HomePage -->
    </test> <!-- Default test -->
  </suite> <!-- Default suite -->
</testng-results>
